[debug] [2026-01-06T14:38:25.019Z] ----------------------------------------------------------------------
[debug] [2026-01-06T14:38:25.021Z] Command:       C:\Program Files\nodejs\node.exe C:\Users\simon\AppData\Roaming\npm\node_modules\firebase-tools\lib\bin\firebase.js init
[debug] [2026-01-06T14:38:25.022Z] CLI Version:   15.1.0
[debug] [2026-01-06T14:38:25.022Z] Platform:      win32
[debug] [2026-01-06T14:38:25.022Z] Node Version:  v22.20.0
[debug] [2026-01-06T14:38:25.022Z] Time:          Tue Jan 06 2026 15:38:25 GMT+0100 (Central European Standard Time)
[debug] [2026-01-06T14:38:25.022Z] ----------------------------------------------------------------------
[debug] 
[info] 
     ######## #### ########  ######## ########     ###     ######  ########
     ##        ##  ##     ## ##       ##     ##  ##   ##  ##       ##
     ######    ##  ########  ######   ########  #########  ######  ######
     ##        ##  ##    ##  ##       ##     ## ##     ##       ## ##
     ##       #### ##     ## ######## ########  ##     ##  ######  ########

You're about to initialize a Firebase project in this directory:

  C:\Users\simon\Documents\GitHub\explorando

Before we get started, keep in mind:

  * You are initializing within an existing Firebase project directory

[debug] [2026-01-06T14:38:35.668Z] ExitPromptError: User force closed the prompt with SIGINT
    at Interface.sigint (C:\Users\simon\AppData\Roaming\npm\node_modules\firebase-tools\node_modules\@inquirer\core\dist\commonjs\lib\create-prompt.js:101:37)
    at Interface.emit (node:events:519:28)
    at [_ttyWrite] [as _ttyWrite] (node:internal/readline/interface:1128:18)
    at ReadStream.onkeypress (node:internal/readline/interface:271:20)
    at ReadStream.emit (node:events:531:35)
    at emitKeys (node:internal/readline/utils:370:14)
    at emitKeys.next (<anonymous>)
    at ReadStream.onData (node:internal/readline/emitKeypressEvents:64:36)
    at ReadStream.emit (node:events:519:28)
    at addChunk (node:internal/streams/readable:561:12)
[error] 
[error] Error: An unexpected error has occurred.
